Welcome to Ruby Warrior
Starting Level 7
- turn 1 -
 ------
|>a S @|
 ------
Initializing with 2 enemies
mgiuffrida pivots backward
- turn 2 -
 ------
|>a S @|
 ------
mgiuffrida walks forward
- turn 3 -
 ------
|>a S@ |
 ------
mgiuffrida attacks forward and hits Thick Sludge
Thick Sludge takes 5 damage, 19 health power left
Thick Sludge attacks forward and hits mgiuffrida
mgiuffrida takes 3 damage, 17 health power left
- turn 4 -
 ------
|>a S@ |
 ------
mgiuffrida attacks forward and hits Thick Sludge
Thick Sludge takes 5 damage, 14 health power left
Thick Sludge attacks forward and hits mgiuffrida
mgiuffrida takes 3 damage, 14 health power left
- turn 5 -
 ------
|>a S@ |
 ------
mgiuffrida attacks forward and hits Thick Sludge
Thick Sludge takes 5 damage, 9 health power left
Thick Sludge attacks forward and hits mgiuffrida
mgiuffrida takes 3 damage, 11 health power left
- turn 6 -
 ------
|>a S@ |
 ------
mgiuffrida attacks forward and hits Thick Sludge
Thick Sludge takes 5 damage, 4 health power left
Thick Sludge attacks forward and hits mgiuffrida
mgiuffrida takes 3 damage, 8 health power left
- turn 7 -
 ------
|>a S@ |
 ------
mgiuffrida attacks forward and hits Thick Sludge
Thick Sludge takes 5 damage, -1 health power left
Thick Sludge dies
mgiuffrida earns 24 points
- turn 8 -
 ------
|>a  @ |
 ------
resting: assume_enemy_health = 24, probable_archer_distance = 
mgiuffrida walks backward
Archer shoots and hits nothing
- turn 9 -
 ------
|>a   @|
 ------
resting: assume_enemy_health = 24, probable_archer_distance = 
mgiuffrida receives 2 health from resting, up to 10 health
- turn 10 -
 ------
|>a   @|
 ------
resting: assume_enemy_health = 24, probable_archer_distance = 
mgiuffrida receives 2 health from resting, up to 12 health
- turn 11 -
 ------
|>a   @|
 ------
resting: assume_enemy_health = 24, probable_archer_distance = 
mgiuffrida receives 2 health from resting, up to 14 health
- turn 12 -
 ------
|>a   @|
 ------
mgiuffrida walks forward
- turn 13 -
 ------
|>a  @ |
 ------
mgiuffrida walks forward
Archer shoots forward and hits mgiuffrida
mgiuffrida takes 3 damage, 11 health power left
- turn 14 -
 ------
|>a @  |
 ------
mgiuffrida walks forward
Archer shoots forward and hits mgiuffrida
mgiuffrida takes 3 damage, 8 health power left
- turn 15 -
 ------
|>a@   |
 ------
mgiuffrida attacks forward and hits Archer
Archer takes 5 damage, 2 health power left
Archer shoots forward and hits mgiuffrida
mgiuffrida takes 3 damage, 5 health power left
- turn 16 -
 ------
|>a@   |
 ------
mgiuffrida attacks forward and hits Archer
Archer takes 5 damage, -3 health power left
Archer dies
mgiuffrida earns 7 points
- turn 17 -
 ------
|> @   |
 ------
mgiuffrida walks forward
- turn 18 -
 ------
|>@    |
 ------
mgiuffrida walks forward
Success! You have found the stairs.
Level Score: 31
Time Bonus: 12
Clear Bonus: 9
Total Score: 413 + 52 = 465
Would you like to continue on to the next level? [yn] See the updated README in the rubywarrior/mgiuffrida-beginner directory.
